%!Adobe-FontList 1.23
%Locale:0x409

%BeginFont
Handler:DirectoryHandler
FontType:Invalid
OutlineFileName:/Users/omen/Documents/2301_INSANE_BA/02_Prototype_Game/PYL_Heftli/Document fonts/AdobeFnt23.lst
FileLength:3148
FileModTime:697477264
%EndFont

%BeginFont
Handler:DirectoryHandler
FontType:Type1
FontName:UniversLTStd-BlackEx
FamilyName:Univers LT Std
StyleName:73 Black Extended
MenuName:Univers LT Std 73 Black Ext
StyleBits:0
WeightClass:850
WidthClass:7
AngleClass:0
FullName:Univers LT Std 73 Black Extended
WritingScript:Roman
OutlineFileName:/Users/omen/Documents/2301_INSANE_BA/02_Prototype_Game/PYL_Heftli/Document fonts/UniversLTStd-BlackEx.otf
DataFormat:sfntData
UsesStandardEncoding:yes
isCFF:yes
hasSVG:no
VariableFontType:NonVariableFont
FileLength:30604
FileModTime:169128620
NameArray:0,Mac,18,Univers LT Std 73 Black Ext
NameArray:0,Mac,4,Univers LT Std 73 Black Extended
NameArray:0,Win,1,Univers LT Std 73 Black Ext
NameArray:0,Win,16,Univers LT Std
%EndFont

%BeginFont
Handler:DirectoryHandler
FontType:Type1
FontName:UniversLTStd-BlackExObl
FamilyName:Univers LT Std
StyleName:73 Black Extended Oblique
MenuName:Univers LT Std 73 Black Ext
StyleBits:1
WeightClass:850
WidthClass:7
AngleClass:1
FullName:Univers LT Std 73 Black Extended Oblique
WritingScript:Roman
OutlineFileName:/Users/omen/Documents/2301_INSANE_BA/02_Prototype_Game/PYL_Heftli/Document fonts/UniversLTStd-BlackExObl.otf
DataFormat:sfntData
UsesStandardEncoding:yes
isCFF:yes
hasSVG:no
VariableFontType:NonVariableFont
FileLength:31504
FileModTime:169128622
NameArray:0,Mac,18,Univers LT Std 73 Black Ext Obl
NameArray:0,Mac,4,Univers LT Std 73 Black Extended Oblique
NameArray:0,Win,1,Univers LT Std 73 Black Ext
NameArray:0,Win,16,Univers LT Std
%EndFont

%BeginFont
Handler:DirectoryHandler
FontType:Type1
FontName:UniversLTStd-BoldEx
FamilyName:Univers LT Std
StyleName:63 Bold Extended
MenuName:Univers LT Std 53 Extended
StyleBits:2
WeightClass:700
WidthClass:7
AngleClass:0
FullName:Univers LT Std 63 Bold Extended
WritingScript:Roman
OutlineFileName:/Users/omen/Documents/2301_INSANE_BA/02_Prototype_Game/PYL_Heftli/Document fonts/UniversLTStd-BoldEx.otf
DataFormat:sfntData
UsesStandardEncoding:yes
isCFF:yes
hasSVG:no
VariableFontType:NonVariableFont
FileLength:32148
FileModTime:169128617
NameArray:0,Mac,18,Univers LT Std 63 Bold Ext
NameArray:0,Mac,4,Univers LT Std 63 Bold Extended
NameArray:0,Win,1,Univers LT Std 53 Extended
NameArray:0,Win,16,Univers LT Std
%EndFont

%BeginFont
Handler:DirectoryHandler
FontType:Type1
FontName:UniversLTStd
FamilyName:Univers LT Std
StyleName:55 Roman
MenuName:Univers LT Std 55
StyleBits:0
WeightClass:400
WidthClass:5
AngleClass:0
FullName:Univers LT Std 55 Roman
WritingScript:Roman
OutlineFileName:/Users/omen/Documents/2301_INSANE_BA/02_Prototype_Game/PYL_Heftli/Document fonts/UniversLTStd.otf
DataFormat:sfntData
UsesStandardEncoding:yes
isCFF:yes
hasSVG:no
VariableFontType:NonVariableFont
FileLength:34372
FileModTime:169128595
NameArray:0,Mac,18,Univers LT Std 55
NameArray:0,Mac,4,Univers LT Std 55 Roman
NameArray:0,Win,1,Univers LT Std 55
NameArray:0,Win,16,Univers LT Std
%EndFont

